\BOOKMARK [0][-]{chapter.1}{\376\377\0001\000\040\000C\000l\000a\000s\000s\000\040\000I\000n\000d\000e\000x}{}% 1
\BOOKMARK [1][-]{section.1.1}{\376\377\0001\000.\0001\000\040\000C\000l\000a\000s\000s\000\040\000L\000i\000s\000t}{chapter.1}% 2
\BOOKMARK [0][-]{chapter.2}{\376\377\0002\000\040\000F\000i\000l\000e\000\040\000I\000n\000d\000e\000x}{}% 3
\BOOKMARK [1][-]{section.2.1}{\376\377\0002\000.\0001\000\040\000F\000i\000l\000e\000\040\000L\000i\000s\000t}{chapter.2}% 4
\BOOKMARK [0][-]{chapter.3}{\376\377\0003\000\040\000C\000l\000a\000s\000s\000\040\000D\000o\000c\000u\000m\000e\000n\000t\000a\000t\000i\000o\000n}{}% 5
\BOOKMARK [1][-]{section.3.1}{\376\377\0003\000.\0001\000\040\000d\000e\000l\000i\000m\000B\000u\000f\000f\000e\000r\000\040\000C\000l\000a\000s\000s\000\040\000R\000e\000f\000e\000r\000e\000n\000c\000e}{chapter.3}% 6
\BOOKMARK [2][-]{subsection.3.1.1}{\376\377\0003\000.\0001\000.\0001\000\040\000D\000e\000t\000a\000i\000l\000e\000d\000\040\000D\000e\000s\000c\000r\000i\000p\000t\000i\000o\000n}{section.3.1}% 7
\BOOKMARK [2][-]{subsection.3.1.2}{\376\377\0003\000.\0001\000.\0002\000\040\000C\000o\000n\000s\000t\000r\000u\000c\000t\000o\000r\000\040\000\046\000\040\000D\000e\000s\000t\000r\000u\000c\000t\000o\000r\000\040\000D\000o\000c\000u\000m\000e\000n\000t\000a\000t\000i\000o\000n}{section.3.1}% 8
\BOOKMARK [3][-]{subsubsection.3.1.2.1}{\376\377\0003\000.\0001\000.\0002\000.\0001\000\040\000d\000e\000l\000i\000m\000B\000u\000f\000f\000e\000r\000\050\000\051\000\040\000[\0001\000/\0002\000]}{subsection.3.1.2}% 9
\BOOKMARK [3][-]{subsubsection.3.1.2.2}{\376\377\0003\000.\0001\000.\0002\000.\0002\000\040\000d\000e\000l\000i\000m\000B\000u\000f\000f\000e\000r\000\050\000\051\000\040\000[\0002\000/\0002\000]}{subsection.3.1.2}% 10
\BOOKMARK [2][-]{subsection.3.1.3}{\376\377\0003\000.\0001\000.\0003\000\040\000M\000e\000m\000b\000e\000r\000\040\000F\000u\000n\000c\000t\000i\000o\000n\000\040\000D\000o\000c\000u\000m\000e\000n\000t\000a\000t\000i\000o\000n}{section.3.1}% 11
\BOOKMARK [3][-]{subsubsection.3.1.3.1}{\376\377\0003\000.\0001\000.\0003\000.\0001\000\040\000g\000e\000t\000B\000u\000f\000f\000e\000r\000\050\000\051}{subsection.3.1.3}% 12
\BOOKMARK [3][-]{subsubsection.3.1.3.2}{\376\377\0003\000.\0001\000.\0003\000.\0002\000\040\000r\000e\000a\000d\000\050\000\051}{subsection.3.1.3}% 13
\BOOKMARK [3][-]{subsubsection.3.1.3.3}{\376\377\0003\000.\0001\000.\0003\000.\0003\000\040\000s\000e\000t\000B\000u\000f\000f\000e\000r\000\050\000\051}{subsection.3.1.3}% 14
\BOOKMARK [3][-]{subsubsection.3.1.3.4}{\376\377\0003\000.\0001\000.\0003\000.\0004\000\040\000u\000n\000p\000a\000c\000k\000\050\000\051}{subsection.3.1.3}% 15
\BOOKMARK [2][-]{subsection.3.1.4}{\376\377\0003\000.\0001\000.\0004\000\040\000M\000e\000m\000b\000e\000r\000\040\000D\000a\000t\000a\000\040\000D\000o\000c\000u\000m\000e\000n\000t\000a\000t\000i\000o\000n}{section.3.1}% 16
\BOOKMARK [3][-]{subsubsection.3.1.4.1}{\376\377\0003\000.\0001\000.\0004\000.\0001\000\040\000b\000u\000f}{subsection.3.1.4}% 17
\BOOKMARK [3][-]{subsubsection.3.1.4.2}{\376\377\0003\000.\0001\000.\0004\000.\0002\000\040\000d\000e\000l\000i\000m}{subsection.3.1.4}% 18
\BOOKMARK [3][-]{subsubsection.3.1.4.3}{\376\377\0003\000.\0001\000.\0004\000.\0003\000\040\000i\000n\000d\000e\000x}{subsection.3.1.4}% 19
\BOOKMARK [3][-]{subsubsection.3.1.4.4}{\376\377\0003\000.\0001\000.\0004\000.\0004\000\040\000m\000a\000x\000s\000i\000z\000e}{subsection.3.1.4}% 20
\BOOKMARK [3][-]{subsubsection.3.1.4.5}{\376\377\0003\000.\0001\000.\0004\000.\0005\000\040\000s\000i\000z\000e}{subsection.3.1.4}% 21
\BOOKMARK [1][-]{section.3.2}{\376\377\0003\000.\0002\000\040\000i\000n\000d\000e\000x\000E\000l\000e\000m\000e\000n\000t\000\040\000S\000t\000r\000u\000c\000t\000\040\000R\000e\000f\000e\000r\000e\000n\000c\000e}{chapter.3}% 22
\BOOKMARK [2][-]{subsection.3.2.1}{\376\377\0003\000.\0002\000.\0001\000\040\000D\000e\000t\000a\000i\000l\000e\000d\000\040\000D\000e\000s\000c\000r\000i\000p\000t\000i\000o\000n}{section.3.2}% 23
\BOOKMARK [2][-]{subsection.3.2.2}{\376\377\0003\000.\0002\000.\0002\000\040\000M\000e\000m\000b\000e\000r\000\040\000D\000a\000t\000a\000\040\000D\000o\000c\000u\000m\000e\000n\000t\000a\000t\000i\000o\000n}{section.3.2}% 24
\BOOKMARK [3][-]{subsubsection.3.2.2.1}{\376\377\0003\000.\0002\000.\0002\000.\0001\000\040\000o\000f\000f\000s\000e\000t}{subsection.3.2.2}% 25
\BOOKMARK [3][-]{subsubsection.3.2.2.2}{\376\377\0003\000.\0002\000.\0002\000.\0002\000\040\000z\000i\000p}{subsection.3.2.2}% 26
\BOOKMARK [1][-]{section.3.3}{\376\377\0003\000.\0003\000\040\000L\000I\000B\000u\000f\000f\000e\000r\000\040\000C\000l\000a\000s\000s\000\040\000R\000e\000f\000e\000r\000e\000n\000c\000e}{chapter.3}% 27
\BOOKMARK [2][-]{subsection.3.3.1}{\376\377\0003\000.\0003\000.\0001\000\040\000D\000e\000t\000a\000i\000l\000e\000d\000\040\000D\000e\000s\000c\000r\000i\000p\000t\000i\000o\000n}{section.3.3}% 28
\BOOKMARK [2][-]{subsection.3.3.2}{\376\377\0003\000.\0003\000.\0002\000\040\000C\000o\000n\000s\000t\000r\000u\000c\000t\000o\000r\000\040\000\046\000\040\000D\000e\000s\000t\000r\000u\000c\000t\000o\000r\000\040\000D\000o\000c\000u\000m\000e\000n\000t\000a\000t\000i\000o\000n}{section.3.3}% 29
\BOOKMARK [3][-]{subsubsection.3.3.2.1}{\376\377\0003\000.\0003\000.\0002\000.\0001\000\040\000L\000I\000B\000u\000f\000f\000e\000r\000\050\000\051\000\040\000[\0001\000/\0002\000]}{subsection.3.3.2}% 30
\BOOKMARK [3][-]{subsubsection.3.3.2.2}{\376\377\0003\000.\0003\000.\0002\000.\0002\000\040\000L\000I\000B\000u\000f\000f\000e\000r\000\050\000\051\000\040\000[\0002\000/\0002\000]}{subsection.3.3.2}% 31
\BOOKMARK [2][-]{subsection.3.3.3}{\376\377\0003\000.\0003\000.\0003\000\040\000M\000e\000m\000b\000e\000r\000\040\000F\000u\000n\000c\000t\000i\000o\000n\000\040\000D\000o\000c\000u\000m\000e\000n\000t\000a\000t\000i\000o\000n}{section.3.3}% 32
\BOOKMARK [3][-]{subsubsection.3.3.3.1}{\376\377\0003\000.\0003\000.\0003\000.\0001\000\040\000g\000e\000t\000B\000u\000f\000f\000e\000r\000\050\000\051}{subsection.3.3.3}% 33
\BOOKMARK [3][-]{subsubsection.3.3.3.2}{\376\377\0003\000.\0003\000.\0003\000.\0002\000\040\000g\000e\000t\000S\000i\000z\000e\000\050\000\051}{subsection.3.3.3}% 34
\BOOKMARK [3][-]{subsubsection.3.3.3.3}{\376\377\0003\000.\0003\000.\0003\000.\0003\000\040\000p\000a\000c\000k\000\050\000\051}{subsection.3.3.3}% 35
\BOOKMARK [3][-]{subsubsection.3.3.3.4}{\376\377\0003\000.\0003\000.\0003\000.\0004\000\040\000r\000e\000a\000d\000\050\000\051}{subsection.3.3.3}% 36
\BOOKMARK [3][-]{subsubsection.3.3.3.5}{\376\377\0003\000.\0003\000.\0003\000.\0005\000\040\000u\000n\000p\000a\000c\000k\000\050\000\051}{subsection.3.3.3}% 37
\BOOKMARK [3][-]{subsubsection.3.3.3.6}{\376\377\0003\000.\0003\000.\0003\000.\0006\000\040\000w\000r\000i\000t\000e\000\050\000\051}{subsection.3.3.3}% 38
\BOOKMARK [2][-]{subsection.3.3.4}{\376\377\0003\000.\0003\000.\0004\000\040\000M\000e\000m\000b\000e\000r\000\040\000D\000a\000t\000a\000\040\000D\000o\000c\000u\000m\000e\000n\000t\000a\000t\000i\000o\000n}{section.3.3}% 39
\BOOKMARK [3][-]{subsubsection.3.3.4.1}{\376\377\0003\000.\0003\000.\0004\000.\0001\000\040\000b\000u\000f}{subsection.3.3.4}% 40
\BOOKMARK [3][-]{subsubsection.3.3.4.2}{\376\377\0003\000.\0003\000.\0004\000.\0002\000\040\000d\000e\000l\000i\000m}{subsection.3.3.4}% 41
\BOOKMARK [3][-]{subsubsection.3.3.4.3}{\376\377\0003\000.\0003\000.\0004\000.\0003\000\040\000i\000n\000d\000e\000x}{subsection.3.3.4}% 42
\BOOKMARK [3][-]{subsubsection.3.3.4.4}{\376\377\0003\000.\0003\000.\0004\000.\0004\000\040\000m\000a\000x\000s\000i\000z\000e}{subsection.3.3.4}% 43
\BOOKMARK [3][-]{subsubsection.3.3.4.5}{\376\377\0003\000.\0003\000.\0004\000.\0005\000\040\000s\000i\000z\000e}{subsection.3.3.4}% 44
\BOOKMARK [1][-]{section.3.4}{\376\377\0003\000.\0004\000\040\000p\000r\000i\000m\000a\000r\000y\000I\000n\000d\000e\000x\000\040\000C\000l\000a\000s\000s\000\040\000R\000e\000f\000e\000r\000e\000n\000c\000e}{chapter.3}% 45
\BOOKMARK [2][-]{subsection.3.4.1}{\376\377\0003\000.\0004\000.\0001\000\040\000C\000o\000n\000s\000t\000r\000u\000c\000t\000o\000r\000\040\000\046\000\040\000D\000e\000s\000t\000r\000u\000c\000t\000o\000r\000\040\000D\000o\000c\000u\000m\000e\000n\000t\000a\000t\000i\000o\000n}{section.3.4}% 46
\BOOKMARK [3][-]{subsubsection.3.4.1.1}{\376\377\0003\000.\0004\000.\0001\000.\0001\000\040\000p\000r\000i\000m\000a\000r\000y\000I\000n\000d\000e\000x\000\050\000\051\000\040\000[\0001\000/\0003\000]}{subsection.3.4.1}% 47
\BOOKMARK [3][-]{subsubsection.3.4.1.2}{\376\377\0003\000.\0004\000.\0001\000.\0002\000\040\000p\000r\000i\000m\000a\000r\000y\000I\000n\000d\000e\000x\000\050\000\051\000\040\000[\0002\000/\0003\000]}{subsection.3.4.1}% 48
\BOOKMARK [3][-]{subsubsection.3.4.1.3}{\376\377\0003\000.\0004\000.\0001\000.\0003\000\040\000p\000r\000i\000m\000a\000r\000y\000I\000n\000d\000e\000x\000\050\000\051\000\040\000[\0003\000/\0003\000]}{subsection.3.4.1}% 49
\BOOKMARK [2][-]{subsection.3.4.2}{\376\377\0003\000.\0004\000.\0002\000\040\000M\000e\000m\000b\000e\000r\000\040\000F\000u\000n\000c\000t\000i\000o\000n\000\040\000D\000o\000c\000u\000m\000e\000n\000t\000a\000t\000i\000o\000n}{section.3.4}% 50
\BOOKMARK [3][-]{subsubsection.3.4.2.1}{\376\377\0003\000.\0004\000.\0002\000.\0001\000\040\000a\000d\000d\000\050\000\051}{subsection.3.4.2}% 51
\BOOKMARK [3][-]{subsubsection.3.4.2.2}{\376\377\0003\000.\0004\000.\0002\000.\0002\000\040\000b\000i\000n\000S\000e\000a\000r\000c\000h\000\050\000\051}{subsection.3.4.2}% 52
\BOOKMARK [3][-]{subsubsection.3.4.2.3}{\376\377\0003\000.\0004\000.\0002\000.\0003\000\040\000b\000u\000i\000l\000d\000H\000e\000a\000d\000e\000r\000\050\000\051}{subsection.3.4.2}% 53
\BOOKMARK [3][-]{subsubsection.3.4.2.4}{\376\377\0003\000.\0004\000.\0002\000.\0004\000\040\000m\000o\000s\000t\000E\000a\000s\000t\000\050\000\051}{subsection.3.4.2}% 54
\BOOKMARK [3][-]{subsubsection.3.4.2.5}{\376\377\0003\000.\0004\000.\0002\000.\0005\000\040\000m\000o\000s\000t\000N\000o\000r\000t\000h\000\050\000\051}{subsection.3.4.2}% 55
\BOOKMARK [3][-]{subsubsection.3.4.2.6}{\376\377\0003\000.\0004\000.\0002\000.\0006\000\040\000m\000o\000s\000t\000S\000o\000u\000t\000h\000\050\000\051}{subsection.3.4.2}% 56
\BOOKMARK [3][-]{subsubsection.3.4.2.7}{\376\377\0003\000.\0004\000.\0002\000.\0007\000\040\000m\000o\000s\000t\000W\000e\000s\000t\000\050\000\051}{subsection.3.4.2}% 57
\BOOKMARK [3][-]{subsubsection.3.4.2.8}{\376\377\0003\000.\0004\000.\0002\000.\0008\000\040\000p\000r\000i\000n\000t\000T\000a\000b\000l\000e\000\050\000\051}{subsection.3.4.2}% 58
\BOOKMARK [3][-]{subsubsection.3.4.2.9}{\376\377\0003\000.\0004\000.\0002\000.\0009\000\040\000r\000e\000a\000d\000C\000S\000V\000\050\000\051}{subsection.3.4.2}% 59
\BOOKMARK [3][-]{subsubsection.3.4.2.10}{\376\377\0003\000.\0004\000.\0002\000.\0001\0000\000\040\000r\000e\000a\000d\000I\000n\000\050\000\051}{subsection.3.4.2}% 60
\BOOKMARK [3][-]{subsubsection.3.4.2.11}{\376\377\0003\000.\0004\000.\0002\000.\0001\0001\000\040\000r\000e\000a\000d\000I\000n\000d\000e\000x\000\050\000\051}{subsection.3.4.2}% 61
\BOOKMARK [3][-]{subsubsection.3.4.2.12}{\376\377\0003\000.\0004\000.\0002\000.\0001\0002\000\040\000s\000e\000a\000r\000c\000h\000\050\000\051}{subsection.3.4.2}% 62
\BOOKMARK [3][-]{subsubsection.3.4.2.13}{\376\377\0003\000.\0004\000.\0002\000.\0001\0003\000\040\000s\000t\000a\000t\000e\000C\000h\000o\000o\000s\000e\000r\000\050\000\051}{subsection.3.4.2}% 63
\BOOKMARK [3][-]{subsubsection.3.4.2.14}{\376\377\0003\000.\0004\000.\0002\000.\0001\0004\000\040\000t\000r\000a\000n\000s\000f\000e\000r\000\050\000\051}{subsection.3.4.2}% 64
\BOOKMARK [3][-]{subsubsection.3.4.2.15}{\376\377\0003\000.\0004\000.\0002\000.\0001\0005\000\040\000w\000r\000i\000t\000e\000T\000o\000F\000i\000l\000e\000\050\000\051}{subsection.3.4.2}% 65
\BOOKMARK [2][-]{subsection.3.4.3}{\376\377\0003\000.\0004\000.\0003\000\040\000M\000e\000m\000b\000e\000r\000\040\000D\000a\000t\000a\000\040\000D\000o\000c\000u\000m\000e\000n\000t\000a\000t\000i\000o\000n}{section.3.4}% 66
\BOOKMARK [3][-]{subsubsection.3.4.3.1}{\376\377\0003\000.\0004\000.\0003\000.\0001\000\040\000d\000F\000i\000l\000e}{subsection.3.4.3}% 67
\BOOKMARK [3][-]{subsubsection.3.4.3.2}{\376\377\0003\000.\0004\000.\0003\000.\0002\000\040\000i\000F\000i\000l\000e}{subsection.3.4.3}% 68
\BOOKMARK [3][-]{subsubsection.3.4.3.3}{\376\377\0003\000.\0004\000.\0003\000.\0003\000\040\000i\000n\000d\000e\000x}{subsection.3.4.3}% 69
\BOOKMARK [3][-]{subsubsection.3.4.3.4}{\376\377\0003\000.\0004\000.\0003\000.\0004\000\040\000r\000e\000c\000C\000o\000u\000n\000t}{subsection.3.4.3}% 70
\BOOKMARK [1][-]{section.3.5}{\376\377\0003\000.\0005\000\040\000z\000i\000p\000\040\000C\000l\000a\000s\000s\000\040\000R\000e\000f\000e\000r\000e\000n\000c\000e}{chapter.3}% 71
\BOOKMARK [2][-]{subsection.3.5.1}{\376\377\0003\000.\0005\000.\0001\000\040\000D\000e\000t\000a\000i\000l\000e\000d\000\040\000D\000e\000s\000c\000r\000i\000p\000t\000i\000o\000n}{section.3.5}% 72
\BOOKMARK [2][-]{subsection.3.5.2}{\376\377\0003\000.\0005\000.\0002\000\040\000C\000o\000n\000s\000t\000r\000u\000c\000t\000o\000r\000\040\000\046\000\040\000D\000e\000s\000t\000r\000u\000c\000t\000o\000r\000\040\000D\000o\000c\000u\000m\000e\000n\000t\000a\000t\000i\000o\000n}{section.3.5}% 73
\BOOKMARK [3][-]{subsubsection.3.5.2.1}{\376\377\0003\000.\0005\000.\0002\000.\0001\000\040\000z\000i\000p\000\050\000\051\000\040\000[\0001\000/\0003\000]}{subsection.3.5.2}% 74
\BOOKMARK [3][-]{subsubsection.3.5.2.2}{\376\377\0003\000.\0005\000.\0002\000.\0002\000\040\000z\000i\000p\000\050\000\051\000\040\000[\0002\000/\0003\000]}{subsection.3.5.2}% 75
\BOOKMARK [3][-]{subsubsection.3.5.2.3}{\376\377\0003\000.\0005\000.\0002\000.\0003\000\040\000z\000i\000p\000\050\000\051\000\040\000[\0003\000/\0003\000]}{subsection.3.5.2}% 76
\BOOKMARK [2][-]{subsection.3.5.3}{\376\377\0003\000.\0005\000.\0003\000\040\000M\000e\000m\000b\000e\000r\000\040\000F\000u\000n\000c\000t\000i\000o\000n\000\040\000D\000o\000c\000u\000m\000e\000n\000t\000a\000t\000i\000o\000n}{section.3.5}% 77
\BOOKMARK [3][-]{subsubsection.3.5.3.1}{\376\377\0003\000.\0005\000.\0003\000.\0001\000\040\000g\000e\000t\000C\000i\000t\000y\000\050\000\051}{subsection.3.5.3}% 78
\BOOKMARK [3][-]{subsubsection.3.5.3.2}{\376\377\0003\000.\0005\000.\0003\000.\0002\000\040\000g\000e\000t\000C\000o\000u\000n\000t\000y\000\050\000\051}{subsection.3.5.3}% 79
\BOOKMARK [3][-]{subsubsection.3.5.3.3}{\376\377\0003\000.\0005\000.\0003\000.\0003\000\040\000g\000e\000t\000L\000a\000t\000\050\000\051}{subsection.3.5.3}% 80
\BOOKMARK [3][-]{subsubsection.3.5.3.4}{\376\377\0003\000.\0005\000.\0003\000.\0004\000\040\000g\000e\000t\000L\000o\000n\000\050\000\051}{subsection.3.5.3}% 81
\BOOKMARK [3][-]{subsubsection.3.5.3.5}{\376\377\0003\000.\0005\000.\0003\000.\0005\000\040\000g\000e\000t\000N\000u\000m\000\050\000\051}{subsection.3.5.3}% 82
\BOOKMARK [3][-]{subsubsection.3.5.3.6}{\376\377\0003\000.\0005\000.\0003\000.\0006\000\040\000g\000e\000t\000S\000t\000a\000t\000e\000C\000o\000d\000e\000\050\000\051}{subsection.3.5.3}% 83
\BOOKMARK [3][-]{subsubsection.3.5.3.7}{\376\377\0003\000.\0005\000.\0003\000.\0007\000\040\000p\000r\000i\000n\000t\000\050\000\051}{subsection.3.5.3}% 84
\BOOKMARK [3][-]{subsubsection.3.5.3.8}{\376\377\0003\000.\0005\000.\0003\000.\0008\000\040\000s\000e\000t\000C\000i\000t\000y\000\050\000\051}{subsection.3.5.3}% 85
\BOOKMARK [3][-]{subsubsection.3.5.3.9}{\376\377\0003\000.\0005\000.\0003\000.\0009\000\040\000s\000e\000t\000C\000o\000u\000n\000t\000y\000\050\000\051}{subsection.3.5.3}% 86
\BOOKMARK [3][-]{subsubsection.3.5.3.10}{\376\377\0003\000.\0005\000.\0003\000.\0001\0000\000\040\000s\000e\000t\000L\000a\000t\000\050\000\051}{subsection.3.5.3}% 87
\BOOKMARK [3][-]{subsubsection.3.5.3.11}{\376\377\0003\000.\0005\000.\0003\000.\0001\0001\000\040\000s\000e\000t\000L\000o\000n\000\050\000\051}{subsection.3.5.3}% 88
\BOOKMARK [3][-]{subsubsection.3.5.3.12}{\376\377\0003\000.\0005\000.\0003\000.\0001\0002\000\040\000s\000e\000t\000N\000u\000m\000\050\000\051}{subsection.3.5.3}% 89
\BOOKMARK [3][-]{subsubsection.3.5.3.13}{\376\377\0003\000.\0005\000.\0003\000.\0001\0003\000\040\000s\000e\000t\000S\000t\000a\000t\000e\000C\000o\000d\000e\000\050\000\051}{subsection.3.5.3}% 90
\BOOKMARK [2][-]{subsection.3.5.4}{\376\377\0003\000.\0005\000.\0004\000\040\000M\000e\000m\000b\000e\000r\000\040\000D\000a\000t\000a\000\040\000D\000o\000c\000u\000m\000e\000n\000t\000a\000t\000i\000o\000n}{section.3.5}% 91
\BOOKMARK [3][-]{subsubsection.3.5.4.1}{\376\377\0003\000.\0005\000.\0004\000.\0001\000\040\000c\000i\000t\000y}{subsection.3.5.4}% 92
\BOOKMARK [3][-]{subsubsection.3.5.4.2}{\376\377\0003\000.\0005\000.\0004\000.\0002\000\040\000c\000o\000u\000n\000t\000y}{subsection.3.5.4}% 93
\BOOKMARK [3][-]{subsubsection.3.5.4.3}{\376\377\0003\000.\0005\000.\0004\000.\0003\000\040\000l\000a\000t}{subsection.3.5.4}% 94
\BOOKMARK [3][-]{subsubsection.3.5.4.4}{\376\377\0003\000.\0005\000.\0004\000.\0004\000\040\000l\000o\000n}{subsection.3.5.4}% 95
\BOOKMARK [3][-]{subsubsection.3.5.4.5}{\376\377\0003\000.\0005\000.\0004\000.\0005\000\040\000n\000u\000m}{subsection.3.5.4}% 96
\BOOKMARK [3][-]{subsubsection.3.5.4.6}{\376\377\0003\000.\0005\000.\0004\000.\0006\000\040\000s\000t\000a\000t\000e\000C\000o\000d\000e}{subsection.3.5.4}% 97
\BOOKMARK [0][-]{chapter.4}{\376\377\0004\000\040\000F\000i\000l\000e\000\040\000D\000o\000c\000u\000m\000e\000n\000t\000a\000t\000i\000o\000n}{}% 98
\BOOKMARK [1][-]{section.4.1}{\376\377\0004\000.\0001\000\040\000d\000e\000l\000i\000m\000B\000u\000f\000f\000e\000r\000.\000c\000p\000p\000\040\000F\000i\000l\000e\000\040\000R\000e\000f\000e\000r\000e\000n\000c\000e}{chapter.4}% 99
\BOOKMARK [1][-]{section.4.2}{\376\377\0004\000.\0002\000\040\000d\000e\000l\000i\000m\000B\000u\000f\000f\000e\000r\000.\000h\000\040\000F\000i\000l\000e\000\040\000R\000e\000f\000e\000r\000e\000n\000c\000e}{chapter.4}% 100
\BOOKMARK [1][-]{section.4.3}{\376\377\0004\000.\0003\000\040\000d\000e\000l\000i\000m\000B\000u\000f\000f\000e\000r\000.\000h}{chapter.4}% 101
\BOOKMARK [1][-]{section.4.4}{\376\377\0004\000.\0004\000\040\000L\000I\000B\000u\000f\000f\000e\000r\000.\000c\000p\000p\000\040\000F\000i\000l\000e\000\040\000R\000e\000f\000e\000r\000e\000n\000c\000e}{chapter.4}% 102
\BOOKMARK [1][-]{section.4.5}{\376\377\0004\000.\0005\000\040\000L\000I\000B\000u\000f\000f\000e\000r\000.\000h\000\040\000F\000i\000l\000e\000\040\000R\000e\000f\000e\000r\000e\000n\000c\000e}{chapter.4}% 103
\BOOKMARK [1][-]{section.4.6}{\376\377\0004\000.\0006\000\040\000L\000I\000B\000u\000f\000f\000e\000r\000.\000h}{chapter.4}% 104
\BOOKMARK [1][-]{section.4.7}{\376\377\0004\000.\0007\000\040\000m\000a\000i\000n\000.\000c\000p\000p\000\040\000F\000i\000l\000e\000\040\000R\000e\000f\000e\000r\000e\000n\000c\000e}{chapter.4}% 105
\BOOKMARK [2][-]{subsection.4.7.1}{\376\377\0004\000.\0007\000.\0001\000\040\000F\000u\000n\000c\000t\000i\000o\000n\000\040\000D\000o\000c\000u\000m\000e\000n\000t\000a\000t\000i\000o\000n}{section.4.7}% 106
\BOOKMARK [3][-]{subsubsection.4.7.1.1}{\376\377\0004\000.\0007\000.\0001\000.\0001\000\040\000m\000a\000i\000n\000\050\000\051}{subsection.4.7.1}% 107
\BOOKMARK [2][-]{subsection.4.7.2}{\376\377\0004\000.\0007\000.\0002\000\040\000V\000a\000r\000i\000a\000b\000l\000e\000\040\000D\000o\000c\000u\000m\000e\000n\000t\000a\000t\000i\000o\000n}{section.4.7}% 108
\BOOKMARK [3][-]{subsubsection.4.7.2.1}{\376\377\0004\000.\0007\000.\0002\000.\0001\000\040\000m\000a\000n\000u\000a\000l}{subsection.4.7.2}% 109
\BOOKMARK [1][-]{section.4.8}{\376\377\0004\000.\0008\000\040\000p\000r\000i\000m\000a\000r\000y\000i\000n\000d\000e\000x\000.\000c\000p\000p\000\040\000F\000i\000l\000e\000\040\000R\000e\000f\000e\000r\000e\000n\000c\000e}{chapter.4}% 110
\BOOKMARK [2][-]{subsection.4.8.1}{\376\377\0004\000.\0008\000.\0001\000\040\000V\000a\000r\000i\000a\000b\000l\000e\000\040\000D\000o\000c\000u\000m\000e\000n\000t\000a\000t\000i\000o\000n}{section.4.8}% 111
\BOOKMARK [3][-]{subsubsection.4.8.1.1}{\376\377\0004\000.\0008\000.\0001\000.\0001\000\040\000n\000u\000m\000S\000t\000a\000t\000e\000s}{subsection.4.8.1}% 112
\BOOKMARK [1][-]{section.4.9}{\376\377\0004\000.\0009\000\040\000p\000r\000i\000m\000a\000r\000y\000i\000n\000d\000e\000x\000.\000h\000\040\000F\000i\000l\000e\000\040\000R\000e\000f\000e\000r\000e\000n\000c\000e}{chapter.4}% 113
\BOOKMARK [1][-]{section.4.10}{\376\377\0004\000.\0001\0000\000\040\000p\000r\000i\000m\000a\000r\000y\000i\000n\000d\000e\000x\000.\000h}{chapter.4}% 114
\BOOKMARK [1][-]{section.4.11}{\376\377\0004\000.\0001\0001\000\040\000z\000i\000p\000.\000c\000p\000p\000\040\000F\000i\000l\000e\000\040\000R\000e\000f\000e\000r\000e\000n\000c\000e}{chapter.4}% 115
\BOOKMARK [1][-]{section.4.12}{\376\377\0004\000.\0001\0002\000\040\000z\000i\000p\000.\000h\000\040\000F\000i\000l\000e\000\040\000R\000e\000f\000e\000r\000e\000n\000c\000e}{chapter.4}% 116
\BOOKMARK [1][-]{section.4.13}{\376\377\0004\000.\0001\0003\000\040\000z\000i\000p\000.\000h}{chapter.4}% 117
\BOOKMARK [0][-]{section*.75}{\376\377\000I\000n\000d\000e\000x}{}% 118
